<?xml version="1.0" encoding="UTF-8"?>
<!-- Generated by org.testng.reporters.JUnitReportReporter -->
<testsuite skipped="0" hostname="NISHANT" name="com.expedia.flightsbooking.TestNG_TestSuite" tests="1" failures="0" timestamp="17 Aug 2017 19:06:06 GMT" time="79.225" errors="0">
  <testcase name="test" time="79.225" classname="com.expedia.flightsbooking.TestNG_TestSuite"/>
</testsuite> <!-- com.expedia.flightsbooking.TestNG_TestSuite -->
